Release 8.2.03i reportgen I.34
Copyright (c) 1995-2006 Xilinx, Inc.  All rights reserved.

JANUS::  Mon Oct 09 13:33:29 2006

C:\Xilinx\bin\nt\reportgen.exe -intstyle ise -delay -o topbox topbox.ncd 

Loading device for application Rf_Device from file '3s200.nph' in environment
C:\Xilinx.
   "topbox" is an NCD, version 3.1, device xc3s200, package ft256, speed -4
ReportGen:LoadDesign: 'topbox.ncd'
Initializing temperature to 85.000 Celsius. (default - Range: 0.000 to 85.000
Celsius)
Initializing voltage to 1.140 Volts. (default - Range: 1.140 to 1.260 Volts)
Device speed data version:  "PRODUCTION 1.39 2006-08-18".

Generating Delay Report: topbox.dly


   The Delay Summary Report


The NUMBER OF SIGNALS NOT COMPLETELY ROUTED for this design is: 0

   The AVERAGE CONNECTION DELAY for this design is:        1.286
   The MAXIMUM PIN DELAY IS:                               5.100
   The AVERAGE CONNECTION DELAY on the 10 WORST NETS is:   4.238

   Listing Pin Delays by value: (nsec)

    d < 1.00   < d < 2.00  < d < 3.00  < d < 4.00  < d < 6.00  d >= 6.00
   ---------   ---------   ---------   ---------   ---------   ---------
        2148        2054         932         105          18           0


**************************
Generating Clock Report
**************************

+---------------------+--------------+------+------+------------+-------------+
|        Clock Net    |   Resource   |Locked|Fanout|Net Skew(ns)|Max Delay(ns)|
+---------------------+--------------+------+------+------------+-------------+
|                 clk |      BUFGMUX2| No   |  330 |  0.041     |  1.051      |
+---------------------+--------------+------+------+------------+-------------+

* Net Skew is the difference between the minimum and maximum routing
only delays for the net. Note this is different from Clock Skew which
is reported in TRCE timing report. Clock Skew is the difference between
the minimum and maximum path delays which includes logic delays.


Number of error messages: 0
Number of warning messages: 0
Number of info messages: 0

reportgen done!
